[0m2021.04.02 22:39:47 INFO  Started: Metals version 0.10.0 in workspace '/mnt/d/project2/scala-example' for client vscode 1.54.3.[0m
[0m2021.04.02 22:39:54 INFO  time: initialize in 6.5s[0m
[0m2021.04.02 22:39:56 INFO  Attempting to connect to the build server...[0m
Starting the bsp launcher for bloop...
Opening a bsp server connection with 'bsp --protocol local --socket /tmp/bsp-launcher9505859997951213183/bsp.socket'...
Waiting for the bsp connection to come up...
Waiting for the bsp connection to come up...
Waiting for the bsp connection to come up...
Waiting for the bsp connection to come up...
Waiting for the bsp connection to come up...
Waiting for the bsp connection to come up...
Waiting for the bsp connection to come up...
Waiting for the bsp connection to come up...
Waiting for the bsp connection to come up...
Waiting for the bsp connection to come up...
Waiting for the bsp connection to come up...
Waiting for the bsp connection to come up...
Waiting for the bsp connection to come up...
Waiting for the bsp connection to come up...
Waiting for the bsp connection to come up...
Waiting for the bsp connection to come up...
Waiting for the bsp connection to come up...
Waiting for the bsp connection to come up...
Waiting for the bsp connection to come up...
Waiting for the bsp connection to come up...
Waiting for the bsp connection to come up...
Waiting for the bsp connection to come up...
Waiting for the bsp connection to come up...
Waiting for the bsp connection to come up...
Waiting for the bsp connection to come up...
Waiting for the bsp connection to come up...
Waiting for the bsp connection to come up...
Waiting for the bsp connection to come up...
Waiting for the bsp connection to come up...
Waiting for the bsp connection to come up...
Waiting for the bsp connection to come up...
error: Giving up on waiting for a connection, printing embedded bloop logs:
> No server running at 127.0.0.1:8212, let's fire one...
> Resolving ch.epfl.scala:bloop-frontend_2.12:1.4.8...
error: Trying a tcp-based connection to the server instead...
Opening a bsp server connection with 'bsp --protocol tcp --port 14530'...
Waiting for the bsp connection to come up...
Waiting for the bsp connection to come up...
Waiting for the bsp connection to come up...
Waiting for the bsp connection to come up...
Waiting for the bsp connection to come up...
Waiting for the bsp connection to come up...
Waiting for the bsp connection to come up...
Waiting for the bsp connection to come up...
Waiting for the bsp connection to come up...
Waiting for the bsp connection to come up...
Waiting for the bsp connection to come up...
Waiting for the bsp connection to come up...
Waiting for the bsp connection to come up...
Waiting for the bsp connection to come up...
[0m2021.04.02 22:40:41 WARN  no build target for: /mnt/d/project2/scala-example/project/text.scala[0m
Waiting for the bsp connection to come up...
Waiting for the bsp connection to come up...
No server running at 127.0.0.1:8212, let's fire one...
Resolving ch.epfl.scala:bloop-frontend_2.12:1.4.8...
Starting bloop server at 127.0.0.1:8212...
Attempting a connection to the server...
[0m[32m[D][0m Waiting for a connection at 127.0.0.1:14530...
The server is listening for incoming connections at tcp://127.0.0.1:14530...
Starting thread that pumps stdin and redirects it to the bsp server...
Starting thread that pumps server stdout and redirects it to the client stdout...
[0m2021.04.02 22:40:43 INFO  tracing is disabled for protocol BSP, to enable tracing of incoming and outgoing JSON messages create an empty file at /home/pigboar/.cache/metals/bsp.trace.json[0m
[0m2021.04.02 22:40:45 INFO  time: Connected to build server in 49s[0m
[0m2021.04.02 22:40:45 INFO  Connected to Build server: Bloop v1.4.8[0m
[0m2021.04.02 22:40:51 INFO  no build target: using presentation compiler with only scala-library: 2.12.13[0m
[0m2021.04.02 22:40:51 ERROR Empty build targets. Expected at least one build target identifier.[0m
[0m2021.04.02 22:40:51 ERROR Empty build targets. Expected at least one build target identifier.[0m
[0m2021.04.02 22:40:51 ERROR Empty build targets. Expected at least one build target identifier.[0m
[0m2021.04.02 22:40:51 INFO  time: Imported build in 0.49s[0m

[0m2021.04.02 22:40:55 INFO  no build target: using presentation compiler with only scala-library: 2.12.13[0m
Apr 02, 2021 10:40:56 PM org.eclipse.lsp4j.jsonrpc.RemoteEndpoint handleCancellation
WARNING: Unmatched cancel notification for request id 18
Apr 02, 2021 10:40:56 PM org.eclipse.lsp4j.jsonrpc.RemoteEndpoint handleCancellation
WARNING: Unmatched cancel notification for request id 20

Apr 02, 2021 10:40:56 PM org.eclipse.lsp4j.jsonrpc.RemoteEndpoint handleCancellation
WARNING: Unmatched cancel notification for request id 19
[0m2021.04.02 22:40:56 INFO  time: code lens generation in 5.1s[0m

[0m2021.04.02 22:40:56 INFO  time: code lens generation in 14s[0m

Apr 02, 2021 10:40:56 PM org.eclipse.lsp4j.jsonrpc.RemoteEndpoint handleCancellation
WARNING: Unmatched cancel notification for request id 26

Apr 02, 2021 10:40:56 PM org.eclipse.lsp4j.jsonrpc.RemoteEndpoint handleCancellation
WARNING: Unmatched cancel notification for request id 29
Apr 02, 2021 10:40:56 PM org.eclipse.lsp4j.jsonrpc.RemoteEndpoint handleCancellation
WARNING: Unmatched cancel notification for request id 30
Apr 02, 2021 10:40:56 PM org.eclipse.lsp4j.jsonrpc.RemoteEndpoint handleCancellation
WARNING: Unmatched cancel notification for request id 31

Apr 02, 2021 10:40:56 PM org.eclipse.lsp4j.jsonrpc.RemoteEndpoint handleCancellation
WARNING: Unmatched cancel notification for request id 32

Apr 02, 2021 10:40:56 PM org.eclipse.lsp4j.jsonrpc.RemoteEndpoint handleCancellation
WARNING: Unmatched cancel notification for request id 35

Apr 02, 2021 10:40:56 PM org.eclipse.lsp4j.jsonrpc.RemoteEndpoint handleCancellation
WARNING: Unmatched cancel notification for request id 39

Apr 02, 2021 10:40:56 PM org.eclipse.lsp4j.jsonrpc.RemoteEndpoint handleCancellation
WARNING: Unmatched cancel notification for request id 42
Apr 02, 2021 10:40:56 PM org.eclipse.lsp4j.jsonrpc.RemoteEndpoint handleCancellation
WARNING: Unmatched cancel notification for request id 33
Apr 02, 2021 10:40:56 PM org.eclipse.lsp4j.jsonrpc.RemoteEndpoint handleCancellation
WARNING: Unmatched cancel notification for request id 43
Apr 02, 2021 10:40:56 PM org.eclipse.lsp4j.jsonrpc.RemoteEndpoint handleCancellation
WARNING: Unmatched cancel notification for request id 41


[0m2021.04.02 22:40:58 WARN  Could not find java sources in None. Java symbols will not be available.[0m
[0m2021.04.02 22:40:58 INFO  time: indexed workspace in 6.94s[0m
[0m2021.04.02 22:40:58 WARN  no build target for: /mnt/d/project2/scala-example/project/text.scala[0m






















[0m2021.04.02 22:41:05 WARN  no build target for: /mnt/d/project2/scala-example/project/text.scala[0m
println("hello world")
Apr 02, 2021 10:41:06 PM scala.meta.internal.pc.CompilerAccess handleError
SEVERE: file%3A%2F%2F%2Fmnt%2Fd%2Fproject2%2Fscala-example%2Fproject%2Ftext.scala:1: error: expected class or object definition identifier
println("hello world")
^
file%3A%2F%2F%2Fmnt%2Fd%2Fproject2%2Fscala-example%2Fproject%2Ftext.scala:1: error: expected class or object definition identifier
println("hello world")
^
	at scala.meta.internal.parsers.Reporter.syntaxError(Reporter.scala:16)
	at scala.meta.internal.parsers.Reporter.syntaxError$(Reporter.scala:16)
	at scala.meta.internal.parsers.Reporter$$anon$1.syntaxError(Reporter.scala:22)
	at scala.meta.internal.parsers.Reporter.syntaxError(Reporter.scala:17)
	at scala.meta.internal.parsers.Reporter.syntaxError$(Reporter.scala:17)
	at scala.meta.internal.parsers.Reporter$$anon$1.syntaxError(Reporter.scala:22)
	at scala.meta.internal.parsers.ScalametaParser.statSeq(ScalametaParser.scala:4808)
	at scala.meta.internal.parsers.ScalametaParser.topStatSeq(ScalametaParser.scala:4815)
	at scala.meta.internal.parsers.ScalametaParser.$anonfun$batchSource$1(ScalametaParser.scala:5029)
	at scala.meta.internal.parsers.ScalametaParser.atPos(ScalametaParser.scala:800)
	at scala.meta.internal.parsers.ScalametaParser.autoPos(ScalametaParser.scala:816)
	at scala.meta.internal.parsers.ScalametaParser.batchSource(ScalametaParser.scala:4995)
	at scala.meta.internal.parsers.ScalametaParser.$anonfun$source$1(ScalametaParser.scala:4978)
	at scala.meta.internal.parsers.ScalametaParser.atPos(ScalametaParser.scala:800)
	at scala.meta.internal.parsers.ScalametaParser.autoPos(ScalametaParser.scala:816)
	at scala.meta.internal.parsers.ScalametaParser.source(ScalametaParser.scala:4977)
	at scala.meta.internal.parsers.ScalametaParser.entrypointSource(ScalametaParser.scala:4983)
	at scala.meta.internal.parsers.ScalametaParser.$anonfun$parseSource$2(ScalametaParser.scala:142)
	at scala.meta.internal.parsers.ScalametaParser.parseRule(ScalametaParser.scala:52)
	at scala.meta.internal.parsers.ScalametaParser.parseSource(ScalametaParser.scala:142)
	at scala.meta.parsers.Parse$.$anonfun$parseSource$1(Parse.scala:29)
	at scala.meta.internal.parsers.ScalametaParser$$anon$257.apply(ScalametaParser.scala:5040)
	at scala.meta.parsers.Api$XtensionParseDialectInput.parse(Api.scala:25)
	at scala.meta.internal.semanticdb.scalac.ParseOps$XtensionCompilationUnitSource.toSource(ParseOps.scala:17)
	at scala.meta.internal.semanticdb.scalac.TextDocumentOps$XtensionCompilationUnitDocument.toTextDocument(TextDocumentOps.scala:201)
	at scala.meta.internal.pc.SemanticdbTextDocumentProvider.textDocument(SemanticdbTextDocumentProvider.scala:52)

println("hello world")
Apr 02, 2021 10:41:11 PM scala.meta.internal.pc.CompilerAccess handleError
SEVERE: file%3A%2F%2F%2Fmnt%2Fd%2Fproject2%2Fscala-example%2Fproject%2Ftext.scala:1: error: expected class or object definition identifier
println("hello world")
^
file%3A%2F%2F%2Fmnt%2Fd%2Fproject2%2Fscala-example%2Fproject%2Ftext.scala:1: error: expected class or object definition identifier
println("hello world")
^
	at scala.meta.internal.parsers.Reporter.syntaxError(Reporter.scala:16)
	at scala.meta.internal.parsers.Reporter.syntaxError$(Reporter.scala:16)
	at scala.meta.internal.parsers.Reporter$$anon$1.syntaxError(Reporter.scala:22)
	at scala.meta.internal.parsers.Reporter.syntaxError(Reporter.scala:17)
	at scala.meta.internal.parsers.Reporter.syntaxError$(Reporter.scala:17)
	at scala.meta.internal.parsers.Reporter$$anon$1.syntaxError(Reporter.scala:22)
	at scala.meta.internal.parsers.ScalametaParser.statSeq(ScalametaParser.scala:4808)
	at scala.meta.internal.parsers.ScalametaParser.topStatSeq(ScalametaParser.scala:4815)
	at scala.meta.internal.parsers.ScalametaParser.$anonfun$batchSource$1(ScalametaParser.scala:5029)
	at scala.meta.internal.parsers.ScalametaParser.atPos(ScalametaParser.scala:800)
	at scala.meta.internal.parsers.ScalametaParser.autoPos(ScalametaParser.scala:816)
	at scala.meta.internal.parsers.ScalametaParser.batchSource(ScalametaParser.scala:4995)
	at scala.meta.internal.parsers.ScalametaParser.$anonfun$source$1(ScalametaParser.scala:4978)
	at scala.meta.internal.parsers.ScalametaParser.atPos(ScalametaParser.scala:800)
	at scala.meta.internal.parsers.ScalametaParser.autoPos(ScalametaParser.scala:816)
	at scala.meta.internal.parsers.ScalametaParser.source(ScalametaParser.scala:4977)
	at scala.meta.internal.parsers.ScalametaParser.entrypointSource(ScalametaParser.scala:4983)
	at scala.meta.internal.parsers.ScalametaParser.$anonfun$parseSource$2(ScalametaParser.scala:142)
	at scala.meta.internal.parsers.ScalametaParser.parseRule(ScalametaParser.scala:52)
	at scala.meta.internal.parsers.ScalametaParser.parseSource(ScalametaParser.scala:142)
	at scala.meta.parsers.Parse$.$anonfun$parseSource$1(Parse.scala:29)
	at scala.meta.internal.parsers.ScalametaParser$$anon$257.apply(ScalametaParser.scala:5040)
	at scala.meta.parsers.Api$XtensionParseDialectInput.parse(Api.scala:25)
	at scala.meta.internal.semanticdb.scalac.ParseOps$XtensionCompilationUnitSource.toSource(ParseOps.scala:17)
	at scala.meta.internal.semanticdb.scalac.TextDocumentOps$XtensionCompilationUnitDocument.toTextDocument(TextDocumentOps.scala:201)
	at scala.meta.internal.pc.SemanticdbTextDocumentProvider.textDocument(SemanticdbTextDocumentProvider.scala:52)

println("hello world")
Apr 02, 2021 10:47:27 PM scala.meta.internal.pc.CompilerAccess handleError
SEVERE: file%3A%2F%2F%2Fmnt%2Fd%2Fproject2%2Fscala-example%2Fproject%2Ftext.scala:1: error: expected class or object definition identifier
println("hello world")
^
file%3A%2F%2F%2Fmnt%2Fd%2Fproject2%2Fscala-example%2Fproject%2Ftext.scala:1: error: expected class or object definition identifier
println("hello world")
^
	at scala.meta.internal.parsers.Reporter.syntaxError(Reporter.scala:16)
	at scala.meta.internal.parsers.Reporter.syntaxError$(Reporter.scala:16)
	at scala.meta.internal.parsers.Reporter$$anon$1.syntaxError(Reporter.scala:22)
	at scala.meta.internal.parsers.Reporter.syntaxError(Reporter.scala:17)
	at scala.meta.internal.parsers.Reporter.syntaxError$(Reporter.scala:17)
	at scala.meta.internal.parsers.Reporter$$anon$1.syntaxError(Reporter.scala:22)
	at scala.meta.internal.parsers.ScalametaParser.statSeq(ScalametaParser.scala:4808)
	at scala.meta.internal.parsers.ScalametaParser.topStatSeq(ScalametaParser.scala:4815)
	at scala.meta.internal.parsers.ScalametaParser.$anonfun$batchSource$1(ScalametaParser.scala:5029)
	at scala.meta.internal.parsers.ScalametaParser.atPos(ScalametaParser.scala:800)
	at scala.meta.internal.parsers.ScalametaParser.autoPos(ScalametaParser.scala:816)
	at scala.meta.internal.parsers.ScalametaParser.batchSource(ScalametaParser.scala:4995)
	at scala.meta.internal.parsers.ScalametaParser.$anonfun$source$1(ScalametaParser.scala:4978)
	at scala.meta.internal.parsers.ScalametaParser.atPos(ScalametaParser.scala:800)
	at scala.meta.internal.parsers.ScalametaParser.autoPos(ScalametaParser.scala:816)
	at scala.meta.internal.parsers.ScalametaParser.source(ScalametaParser.scala:4977)
	at scala.meta.internal.parsers.ScalametaParser.entrypointSource(ScalametaParser.scala:4983)
	at scala.meta.internal.parsers.ScalametaParser.$anonfun$parseSource$2(ScalametaParser.scala:142)
	at scala.meta.internal.parsers.ScalametaParser.parseRule(ScalametaParser.scala:52)
	at scala.meta.internal.parsers.ScalametaParser.parseSource(ScalametaParser.scala:142)
	at scala.meta.parsers.Parse$.$anonfun$parseSource$1(Parse.scala:29)
	at scala.meta.internal.parsers.ScalametaParser$$anon$257.apply(ScalametaParser.scala:5040)
	at scala.meta.parsers.Api$XtensionParseDialectInput.parse(Api.scala:25)
	at scala.meta.internal.semanticdb.scalac.ParseOps$XtensionCompilationUnitSource.toSource(ParseOps.scala:17)
	at scala.meta.internal.semanticdb.scalac.TextDocumentOps$XtensionCompilationUnitDocument.toTextDocument(TextDocumentOps.scala:201)
	at scala.meta.internal.pc.SemanticdbTextDocumentProvider.textDocument(SemanticdbTextDocumentProvider.scala:52)

